nohup: nohup: nohup: nohup: test_fixed_hire.pynohup: test_fixed_hire.pynohup: test_fixed_hire.pytest_fixed_hire.py: : No such file or directory
test_fixed_hire.pyNo such file or directory
test_fixed_hire.py: : No such file or directory
No such file or directory
: : No such file or directory
No such file or directory
Traceback (most recent call last):
  File "/Users/russelltankaimin/Documents/Russell Tan/NUS/NUS_Work/proj/project-optimisation/mamcts/test_fixed_hire.py", line 127, in <module>
    next_node: AgentNode = controller.search(root)
                           ^^^^^^^^^^^^^^^^^^^^^^^
  File "/Users/russelltankaimin/Documents/Russell Tan/NUS/NUS_Work/proj/project-optimisation/mamcts/mamcts_agent_fixed_hire.py", line 97, in search
    self.execute_round(root)
  File "/Users/russelltankaimin/Documents/Russell Tan/NUS/NUS_Work/proj/project-optimisation/mamcts/mamcts_agent_fixed_hire.py", line 109, in execute_round
    reward = self.rollout(child)
             ^^^^^^^^^^^^^^^^^^^
  File "/Users/russelltankaimin/Documents/Russell Tan/NUS/NUS_Work/proj/project-optimisation/mamcts/mamcts_agent_fixed_hire.py", line 136, in rollout
    state = self.move(action, i, state=state)
            ^^^^^^^^^^^^^^^^^^^^^^^^^^^^^^^^^
  File "/Users/russelltankaimin/Documents/Russell Tan/NUS/NUS_Work/proj/project-optimisation/mamcts/mamcts_agent_fixed_hire.py", line 230, in move
    new_state : list = deepcopy(state)
                       ^^^^^^^^^^^^^^^
  File "/Library/Frameworks/Python.framework/Versions/3.12/lib/python3.12/copy.py", line 136, in deepcopy
    y = copier(x, memo)
        ^^^^^^^^^^^^^^^
  File "/Library/Frameworks/Python.framework/Versions/3.12/lib/python3.12/copy.py", line 196, in _deepcopy_list
    append(deepcopy(a, memo))
           ^^^^^^^^^^^^^^^^^
  File "/Library/Frameworks/Python.framework/Versions/3.12/lib/python3.12/copy.py", line 136, in deepcopy
    y = copier(x, memo)
        ^^^^^^^^^^^^^^^
  File "/Library/Frameworks/Python.framework/Versions/3.12/lib/python3.12/copy.py", line 196, in _deepcopy_list
    append(deepcopy(a, memo))
           ^^^^^^^^^^^^^^^^^
  File "/Library/Frameworks/Python.framework/Versions/3.12/lib/python3.12/copy.py", line 136, in deepcopy
    y = copier(x, memo)
        ^^^^^^^^^^^^^^^
  File "/Library/Frameworks/Python.framework/Versions/3.12/lib/python3.12/copy.py", line 196, in _deepcopy_list
    append(deepcopy(a, memo))
           ^^^^^^^^^^^^^^^^^
  File "/Library/Frameworks/Python.framework/Versions/3.12/lib/python3.12/copy.py", line 136, in deepcopy
    y = copier(x, memo)
        ^^^^^^^^^^^^^^^
  File "/Library/Frameworks/Python.framework/Versions/3.12/lib/python3.12/copy.py", line 208, in _deepcopy_tuple
    for k, j in zip(x, y):
                ^^^^^^^^^
KeyboardInterrupt
Graph Initialised Successfully!
